Tue 14 May 2024 04:59:56 PM UTC: 
 tests:  0|5
total_score: 0/70
5f7ac52
Tue 14 May 2024 05:19:29 PM UTC: 
 sudoku.c | 23 ++++++++++++++++++++++-
 1 file changed, 22 insertions(+), 1 deletion(-)
In file included from test.c:5:
sudoku.c: In function ‘get_adj_nodes’:
sudoku.c:69:30: error: void value not ignored as it ought to be
   69 |                         list = push(list, n);
      |                              ^
Compilation failed
9ca708f
Tue 14 May 2024 05:32:42 PM UTC: 
 sudoku.c | 56 +++++++++++++++++++++++++++++++++++++-------------------
 1 file changed, 37 insertions(+), 19 deletions(-)
In file included from test.c:5:
sudoku.c: In function ‘get_adj_nodes’:
sudoku.c:91:27: error: void value not ignored as it ought to be
   91 |                      list = push(list, n);
      |                           ^
Compilation failed
95cf33d
Tue 14 May 2024 05:54:57 PM UTC: 
 sudoku.c | 37 +++++++++++++++++++++++--------------
 1 file changed, 23 insertions(+), 14 deletions(-)
In file included from test.c:5:
sudoku.c: In function ‘get_adj_nodes’:
sudoku.c:99:46: error: expected ‘;’ before ‘}’ token
   99 |                         pushBack(list, copia)
      |                                              ^
      |                                              ;
  100 |                      }
      |                      ~                        
Compilation failed
1ff5ae9
Tue 14 May 2024 05:55:06 PM UTC: 
 sudoku.c | 2 +-
 1 file changed, 1 insertion(+), 1 deletion(-)
 tests:  0|0
ece2347
Tue 14 May 2024 06:01:34 PM UTC: 
 sudoku.c | 17 +++++++++--------
 1 file changed, 9 insertions(+), 8 deletions(-)
test.c: In function ‘is_valid’:
test.c:245:5: error: ‘main’ is normally a non-static function [-Werror=main]
  245 | int main( int argc, char *argv[] ) {
      |     ^~~~
test.c:262:1: error: expected declaration or statement at end of input
  262 | }
      | ^
test.c:262:1: error: expected declaration or statement at end of input
test.c:263: error: control reaches end of non-void function [-Werror=return-type]
At top level:
test.c:245:5: error: ‘main’ defined but not used [-Werror=unused-function]
  245 | int main( int argc, char *argv[] ) {
      |     ^~~~
test.c:7:8: error: ‘_strdup’ defined but not used [-Werror=unused-function]
    7 | char * _strdup(const char * str) {
      |        ^~~~~~~
cc1: all warnings being treated as errors
Compilation failed
146c92b
Tue 14 May 2024 06:04:54 PM UTC: 
 sudoku.c | 4 +++-
 1 file changed, 3 insertions(+), 1 deletion(-)
 tests:  0|0
2c63044
Tue 14 May 2024 06:06:41 PM UTC: 
 sudoku.c | 4 ++--
 1 file changed, 2 insertions(+), 2 deletions(-)
 tests:  0|0
0a8deef
